<?xml version="1.0" encoding="UTF-8"?>
<testsuite xmlns:xsi="http://www.w3.org/2001/XMLSchema-instance" xsi:noNamespaceSchemaLocation="https://maven.apache.org/surefire/maven-surefire-plugin/xsd/surefire-test-report-3.0.xsd" version="3.0" name="com.example.check.CheckApplicationTests" time="16.71" tests="1" errors="0" skipped="0" failures="0">
  <properties>
[...]
</properties>
  <testcase name="contextLoads" classname="com.example.check.CheckApplicationTests" time="0.491">
    <system-out><![CDATA[15:21:44.925 [main] INFO org.springframework.test.context.support.AnnotationConfigContextLoaderUtils -- Could not detect default configuration classes for test class [com.example.check.CheckApplicationTests]: CheckApplicationTests does not declare any static, non-private, non-final, nested classes annotated with @Configuration.
15:21:45.049 [main] INFO org.springframework.boot.test.context.SpringBootTestContextBootstrapper -- Found @SpringBootConfiguration com.example.check.CheckApplication for test class com.example.check.CheckApplicationTests
15:21:45.872 [main] INFO com.alibaba.nacos.plugin.auth.spi.client.ClientAuthPluginManager -- [ClientAuthPluginManager] Load ClientAuthService com.alibaba.nacos.client.auth.impl.NacosClientAuthServiceImpl success.
15:21:45.872 [main] INFO com.alibaba.nacos.plugin.auth.spi.client.ClientAuthPluginManager -- [ClientAuthPluginManager] Load ClientAuthService com.alibaba.nacos.client.auth.ram.RamClientAuthServiceImpl success.
15:21:46.920 [main] INFO com.alibaba.nacos.common.ability.AbstractAbilityControlManager -- Ready to get current node abilities...
15:21:46.922 [main] INFO com.alibaba.nacos.common.ability.AbstractAbilityControlManager -- Ready to initialize current node abilities, support modes: [SDK_CLIENT]
15:21:46.922 [main] INFO com.alibaba.nacos.common.ability.AbstractAbilityControlManager -- Initialize current abilities finish...
15:21:46.923 [main] INFO com.alibaba.nacos.common.ability.discover.NacosAbilityManagerHolder -- [AbilityControlManager] Successfully initialize AbilityControlManager

  .   ____          _            __ _ _
 /\\ / ___'_ __ _ _(_)_ __  __ _ \ \ \ \
( ( )\___ | '_ | '_| | '_ \/ _` | \ \ \ \
 \\/  ___)| |_)| | | | | || (_| |  ) ) ) )
  '  |____| .__|_| |_|_| |_\__, | / / / /
 =========|_|==============|___/=/_/_/_/

 :: Spring Boot ::                (v3.3.4)

2026-07-21T15:21:48.424+08:00  INFO 34964 --- [check] [           main] c.example.check.CheckApplicationTests    : Starting CheckApplicationTests using Java 17.0.19 with PID 34964 (started by BoMuaMua in C:\Users\BoMuaMua\Downloads\WXW_integrated-platform-main\Integration-main\services\check)
2026-07-21T15:21:48.425+08:00  INFO 34964 --- [check] [           main] c.example.check.CheckApplicationTests    : The following 1 profile is active: "product"
2026-07-21T15:21:48.462+08:00  INFO 34964 --- [check] [           main] c.a.c.n.c.NacosConfigDataLoader          : [Nacos Config] Load config[dataId=check.yml, group=DEFAULT_GROUP] success
2026-07-21T15:21:49.930+08:00  INFO 34964 --- [check] [           main] .s.d.r.c.RepositoryConfigurationDelegate : Multiple Spring Data modules found, entering strict repository configuration mode
2026-07-21T15:21:49.932+08:00  INFO 34964 --- [check] [           main] .s.d.r.c.RepositoryConfigurationDelegate : Bootstrapping Spring Data JPA repositories in DEFAULT mode.
2026-07-21T15:21:49.967+08:00  INFO 34964 --- [check] [           main] .s.d.r.c.RepositoryConfigurationDelegate : Finished Spring Data repository scanning in 24 ms. Found 0 JPA repository interfaces.
2026-07-21T15:21:49.984+08:00  INFO 34964 --- [check] [           main] .s.d.r.c.RepositoryConfigurationDelegate : Multiple Spring Data modules found, entering strict repository configuration mode
2026-07-21T15:21:49.986+08:00  INFO 34964 --- [check] [           main] .s.d.r.c.RepositoryConfigurationDelegate : Bootstrapping Spring Data Redis repositories in DEFAULT mode.
2026-07-21T15:21:50.003+08:00  INFO 34964 --- [check] [           main] .s.d.r.c.RepositoryConfigurationDelegate : Finished Spring Data repository scanning in 6 ms. Found 0 Redis repository interfaces.
2026-07-21T15:21:50.393+08:00  INFO 34964 --- [check] [           main] o.s.cloud.context.scope.GenericScope     : BeanFactory id=13d15a4b-0f51-326f-bd3d-9613012c569c
2026-07-21T15:21:50.514+08:00  WARN 34964 --- [check] [           main] trationDelegate$BeanPostProcessorChecker : Bean 'com.alibaba.cloud.nacos.NacosConfigAutoConfiguration' of type [com.alibaba.cloud.nacos.NacosConfigAutoConfiguration] is not eligible for getting processed by all BeanPostProcessors (for example: not eligible for auto-proxying). The currently created BeanPostProcessor [nacosAnnotationProcessor] is declared through a non-static factory method on that class; consider declaring it as static instead.
2026-07-21T15:21:51.067+08:00  WARN 34964 --- [check] [           main] trationDelegate$BeanPostProcessorChecker : Bean 'org.springframework.cloud.client.loadbalancer.LoadBalancerAutoConfiguration$DeferringLoadBalancerInterceptorConfig' of type [org.springframework.cloud.client.loadbalancer.LoadBalancerAutoConfiguration$DeferringLoadBalancerInterceptorConfig] is not eligible for getting processed by all BeanPostProcessors (for example: not eligible for auto-proxying). The currently created BeanPostProcessor [lbRestClientPostProcessor] is declared through a non-static factory method on that class; consider declaring it as static instead.
2026-07-21T15:21:51.072+08:00  WARN 34964 --- [check] [           main] trationDelegate$BeanPostProcessorChecker : Bean 'deferringLoadBalancerInterceptor' of type [org.springframework.cloud.client.loadbalancer.DeferringLoadBalancerInterceptor] is not eligible for getting processed by all BeanPostProcessors (for example: not eligible for auto-proxying). Is this bean getting eagerly injected into a currently created BeanPostProcessor [lbRestClientPostProcessor]? Check the corresponding BeanPostProcessor declaration and its dependencies.
2026-07-21T15:21:51.300+08:00  INFO 34964 --- [check] [           main] com.zaxxer.hikari.HikariDataSource       : HikariPool-1 - Starting...
2026-07-21T15:21:52.101+08:00  INFO 34964 --- [check] [           main] com.zaxxer.hikari.pool.HikariPool        : HikariPool-1 - Added connection com.mysql.cj.jdbc.ConnectionImpl@4bc41565
2026-07-21T15:21:52.103+08:00  INFO 34964 --- [check] [           main] com.zaxxer.hikari.HikariDataSource       : HikariPool-1 - Start completed.
2026-07-21T15:21:52.165+08:00  INFO 34964 --- [check] [           main] o.hibernate.jpa.internal.util.LogHelper  : HHH000204: Processing PersistenceUnitInfo [name: default]
2026-07-21T15:21:52.326+08:00  INFO 34964 --- [check] [           main] org.hibernate.Version                    : HHH000412: Hibernate ORM core version 6.5.3.Final
2026-07-21T15:21:52.405+08:00  INFO 34964 --- [check] [           main] o.h.c.internal.RegionFactoryInitiator    : HHH000026: Second-level cache disabled
2026-07-21T15:21:52.884+08:00  INFO 34964 --- [check] [           main] o.s.o.j.p.SpringPersistenceUnitInfo      : No LoadTimeWeaver setup: ignoring JPA class transformer
2026-07-21T15:21:53.026+08:00  WARN 34964 --- [check] [           main] org.hibernate.dialect.Dialect            : HHH000511: The 5.7.44 version for [org.hibernate.dialect.MySQLDialect] is no longer supported, hence certain features may not work properly. The minimum supported version is 8.0.0. Check the community dialects project for available legacy versions.
2026-07-21T15:21:54.244+08:00  INFO 34964 --- [check] [           main] o.h.e.t.j.p.i.JtaPlatformInitiator       : HHH000489: No JTA platform available (set 'hibernate.transaction.jta.platform' to enable JTA platform integration)
2026-07-21T15:21:54.249+08:00  INFO 34964 --- [check] [           main] j.LocalContainerEntityManagerFactoryBean : Initialized JPA EntityManagerFactory for persistence unit 'default'
 _ _   |_  _ _|_. ___ _ |    _ 
| | |\/|_)(_| | |_\  |_)||_|_\ 
     /               |         
                        3.5.5 
2026-07-21T15:21:55.641+08:00  WARN 34964 --- [check] [           main] JpaBaseConfiguration$JpaWebConfiguration : spring.jpa.open-in-view is enabled by default. Therefore, database queries may be performed during view rendering. Explicitly configure spring.jpa.open-in-view to disable this warning
2026-07-21T15:21:55.695+08:00  INFO 34964 --- [check] [           main] c.a.c.sentinel.SentinelWebMvcConfigurer  : [Sentinel Starter] register SentinelWebInterceptor with urlPatterns: [/**].
2026-07-21T15:21:57.494+08:00  INFO 34964 --- [check] [           main] o.s.cloud.commons.util.InetUtils         : Cannot determine local hostname
2026-07-21T15:22:00.746+08:00  INFO 34964 --- [check] [           main] o.s.cloud.commons.util.InetUtils         : Cannot determine local hostname
2026-07-21T15:22:00.882+08:00  INFO 34964 --- [check] [           main] c.example.check.CheckApplicationTests    : Started CheckApplicationTests in 15.626 seconds (process running for 17.091)
2026-07-21T15:22:00.914+08:00  INFO 34964 --- [check] [           main] c.a.c.n.refresh.NacosContextRefresher    : [Nacos Config] Listening config: dataId=check.yml, group=DEFAULT_GROUP
]]></system-out>
  </testcase>
</testsuite>